Feb 07, 2019 5:00:39 PM org.apache.catalina.core.ApplicationContext log
INFO: Spring WebApplicationInitializers detected on classpath: [org.apache.fineract.infrastructure.core.boot.WarWebApplicationInitializer@69cd6246]
Feb 07, 2019 5:00:48 PM org.apache.catalina.core.ApplicationContext log
INFO: Initializing Spring embedded WebApplicationContext
Feb 07, 2019 5:00:49 PM org.apache.catalina.core.ApplicationContext log
INFO: ContextListener: contextInitialized()
Feb 07, 2019 5:00:49 PM org.apache.catalina.core.ApplicationContext log
INFO: SessionListener: contextInitialized()
Feb 07, 2019 5:00:49 PM org.apache.catalina.core.ApplicationContext log
INFO: ContextListener: attributeAdded('StockTicker', 'async.Stockticker@287f27ee')
Feb 07, 2019 5:00:49 PM org.apache.catalina.core.ApplicationContext log
INFO: ContextListener: attributeAdded('org.apache.jasper.compiler.TldLocationsCache', 'org.apache.jasper.compiler.TldLocationsCache@5c779392')
Feb 07, 2019 5:34:29 PM org.apache.catalina.core.ApplicationContext log
INFO: SessionListener: contextDestroyed()
Feb 07, 2019 5:34:29 PM org.apache.catalina.core.ApplicationContext log
INFO: ContextListener: contextDestroyed()
Feb 07, 2019 5:35:04 PM org.apache.catalina.core.ApplicationContext log
INFO: Spring WebApplicationInitializers detected on classpath: [org.apache.fineract.infrastructure.core.boot.WarWebApplicationInitializer@6f60e767]
Feb 07, 2019 5:35:13 PM org.apache.catalina.core.ApplicationContext log
INFO: Initializing Spring embedded WebApplicationContext
Feb 07, 2019 5:35:15 PM org.apache.catalina.core.ApplicationContext log
INFO: ContextListener: contextInitialized()
Feb 07, 2019 5:35:15 PM org.apache.catalina.core.ApplicationContext log
INFO: SessionListener: contextInitialized()
Feb 07, 2019 5:35:15 PM org.apache.catalina.core.ApplicationContext log
INFO: ContextListener: attributeAdded('StockTicker', 'async.Stockticker@7c844aea')
Feb 07, 2019 5:35:15 PM org.apache.catalina.core.ApplicationContext log
INFO: ContextListener: attributeAdded('org.apache.jasper.compiler.TldLocationsCache', 'org.apache.jasper.compiler.TldLocationsCache@2f883cce')
Feb 07, 2019 5:44:21 PM org.apache.catalina.core.ApplicationContext log
INFO: SessionListener: contextDestroyed()
Feb 07, 2019 5:44:21 PM org.apache.catalina.core.ApplicationContext log
INFO: ContextListener: contextDestroyed()
Feb 07, 2019 5:44:59 PM org.apache.catalina.core.ApplicationContext log
INFO: Spring WebApplicationInitializers detected on classpath: [org.apache.fineract.infrastructure.core.boot.WarWebApplicationInitializer@11efce35]
Feb 07, 2019 5:45:09 PM org.apache.catalina.core.ApplicationContext log
INFO: Initializing Spring embedded WebApplicationContext
Feb 07, 2019 5:46:29 PM org.apache.catalina.core.ApplicationContext log
INFO: ContextListener: contextInitialized()
Feb 07, 2019 5:46:29 PM org.apache.catalina.core.ApplicationContext log
INFO: SessionListener: contextInitialized()
Feb 07, 2019 5:46:29 PM org.apache.catalina.core.ApplicationContext log
INFO: ContextListener: attributeAdded('StockTicker', 'async.Stockticker@31f49bab')
Feb 07, 2019 5:46:29 PM org.apache.catalina.core.ApplicationContext log
INFO: ContextListener: attributeAdded('org.apache.jasper.compiler.TldLocationsCache', 'org.apache.jasper.compiler.TldLocationsCache@732226a4')
Feb 07, 2019 5:52:01 PM org.apache.catalina.core.ApplicationContext log
INFO: Initializing Spring FrameworkServlet 'dispatcherServlet'
Feb 07, 2019 6:02:49 PM org.apache.catalina.core.ApplicationContext log
INFO: SessionListener: contextDestroyed()
Feb 07, 2019 6:02:49 PM org.apache.catalina.core.ApplicationContext log
INFO: ContextListener: contextDestroyed()
Feb 07, 2019 6:02:49 PM org.apache.catalina.core.ApplicationContext log
INFO: Destroying Spring FrameworkServlet 'dispatcherServlet'
Feb 07, 2019 6:02:49 PM org.apache.catalina.core.ApplicationContext log
INFO: Closing Spring root WebApplicationContext
Feb 07, 2019 6:03:26 PM org.apache.catalina.core.ApplicationContext log
INFO: Spring WebApplicationInitializers detected on classpath: [org.apache.fineract.infrastructure.core.boot.WarWebApplicationInitializer@11efce35]
Feb 07, 2019 6:03:35 PM org.apache.catalina.core.ApplicationContext log
INFO: Initializing Spring embedded WebApplicationContext
Feb 07, 2019 6:04:06 PM org.apache.catalina.core.ApplicationContext log
INFO: ContextListener: contextInitialized()
Feb 07, 2019 6:04:06 PM org.apache.catalina.core.ApplicationContext log
INFO: SessionListener: contextInitialized()
Feb 07, 2019 6:04:06 PM org.apache.catalina.core.ApplicationContext log
INFO: ContextListener: attributeAdded('StockTicker', 'async.Stockticker@46de369e')
Feb 07, 2019 6:04:06 PM org.apache.catalina.core.ApplicationContext log
INFO: ContextListener: attributeAdded('org.apache.jasper.compiler.TldLocationsCache', 'org.apache.jasper.compiler.TldLocationsCache@2d82da96')
Feb 07, 2019 6:07:47 PM org.apache.catalina.core.ApplicationContext log
INFO: Initializing Spring FrameworkServlet 'dispatcherServlet'
